<?xml version="1.0" encoding="UTF-8"?>
<!-- Generated by org.testng.reporters.JUnitXMLReporter -->
<testsuite ignored="0" hostname="DESKTOP-MU5588M" failures="0" tests="3" name="RegressionSuite" time="28.631" errors="0" timestamp="2023-03-05T15:55:41 GMT-05:00">
  <testcase classname="com.Shopping.TestCases.LoginTest" name="verifyvalidlogin" time="5.088"/>
  <testcase classname="com.Shopping.TestCases.HomePageTest" name="verifyPageTitle" time="0.01"/>
  <testcase classname="com.Shopping.TestCases.HomePageTest" name="verifyHomePageLanding" time="0.054"/>
</testsuite> <!-- RegressionSuite -->
